<?xml version="1.0" encoding="UTF-8"?>
<testsuites name="(null)" tests="47" failures="0" errors="0" time="6.623" disabled="0">
	<testsuite name="sft_upf_l2tp" tests="47" failures="0" errors="0" time="6.623" disabled="0">
		<testcase status="PASS" time="0.145" name="TC38410_l2tp_basic" />
		<testcase status="PASS" time="0.147" name="TC39889_l2tp_swap_config" />
		<testcase status="PASS" time="0.237" name="TC39988_l2tp_minimum_optional_info" />
		<testcase status="PASS" time="0.132" name="TC40178_l2tp_lns_to_lep_tube" />
		<testcase status="PASS" time="0.100" name="TC40179_l2tp_lep_to_lns_tube" />
		<testcase status="PASS" time="0.125" name="TC40241_l2tp_no_conn_info_lac" />
		<testcase status="PASS" time="0.128" name="TC40554_l2tp_lns_assigned_ueip" />
		<testcase status="PASS" time="0.151" name="TC41129_l2tp_upf_config_print" />
		<testcase status="PASS" time="0.060" name="TC41170_l2tp_lns_assigned_ueip_single_dns" />
		<testcase status="PASS" time="0.117" name="TC41171_l2tp_lns_assigned_ueip_multiple_dns" />
		<testcase status="PASS" time="0.124" name="TC41454_l2tp_fail_invalid_lac_context" />
		<testcase status="PASS" time="0.118" name="TC41455_l2tp_fail_invalid_lac_in_l2tp_ie" />
		<testcase status="PASS" time="0.146" name="TC41783_l2tp_end_user_downlink_fwd_to_active" />
		<testcase status="PASS" time="0.156" name="TC42185_l2tp_lns_assigned_ueip_no_dl_payload_ueip" />
		<testcase status="PASS" time="0.235" name="TC42231_l2tp_fail_lep_open_call_nok" />
		<testcase status="PASS" time="0.105" name="TC42236_l2tp_fail_lep_delete_call_nok" />
		<testcase status="PASS" time="0.106" name="TC42272_l2tp_fail_reject_ipv6" />
		<testcase status="PASS" time="0.164" name="TC42273_l2tp_fail_reject_ipv46" />
		<testcase status="PASS" time="0.165" name="TC42307_l2tp_fail_reject_est_create_pdr_framed_route" />
		<testcase status="PASS" time="0.290" name="TC42310_l2tp_fail_reject_mod_create_pdr_framed_route" />
		<testcase status="PASS" time="0.134" name="TC42313_l2tp_fail_reject_mod_update_pdr_framed_route" />
		<testcase status="PASS" time="0.109" name="TC42492_l2tp_session_terminate_all" />
		<testcase status="PASS" time="0.226" name="TC42641_l2tp_session_terminate_by_lep_sccn" />
		<testcase status="PASS" time="0.082" name="TC42730_l2tp_session_terminate_by_lep_cdn" />
		<testcase status="PASS" time="0.095" name="TC42731_l2tp_session_terminate_by_lep_conn_fail" />
		<testcase status="PASS" time="0.108" name="TC42732_l2tp_session_terminate_by_lep_sccn_no_ec" />
		<testcase status="PASS" time="0.114" name="TC42733_l2tp_session_terminate_by_lep_cdn_no_ec" />
		<testcase status="PASS" time="0.177" name="TC42739_l2tp_session_terminate_by_lep_usage_report" />
		<testcase status="PASS" time="0.138" name="TC42745_l2tp_fail_missing_session_terminated_by_lep" />
		<testcase status="PASS" time="0.084" name="TC42802_l2tp_captured_dl_packet_verification" />
		<testcase status="PASS" time="0.098" name="TC42859_l2tp_session_establishment_terminate" />
		<testcase status="PASS" time="0.141" name="TC43075_l2tp_fail_duplicate_teid_abortion" />
		<testcase status="PASS" time="0.093" name="TC43210_l2tp_fail_session_establishment_timeout" />
		<testcase status="PASS" time="0.222" name="TC43258_l2tp_fail_seid_not_found_at_call_opened_delete" />
		<testcase status="PASS" time="0.071" name="TC43305_l2tp_fail_conflict_open_call_response" />
		<testcase status="PASS" time="0.080" name="TC43606_l2tp_resilience_reprovisioning_uplink_payload_triggered" />
		<testcase status="PASS" time="0.120" name="TC43608_l2tp_session_reprovisioning_no_entry_in_the_database" />
		<testcase status="PASS" time="0.089" name="TC43609_l2tp_resilience_reprovisioning_downlink_payload_triggered" />
		<testcase status="PASS" time="0.068" name="TC43626_l2tp_resilience_reprovisioning_pfcp_signaling_triggered" />
		<testcase status="PASS" time="0.155" name="TC43631_l2tp_resilience_reprovisioning_lep_signaling_triggered" />
		<testcase status="PASS" time="0.159" name="TC43730_l2tp_duplicate_l2tp_secondary_key_abortion" />
		<testcase status="PASS" time="0.229" name="TC44423_l2tp_call_opened_without_open_call_response" />
		<testcase status="PASS" time="0.189" name="TC44431_l2tp_call_deleted_without_delete_call_response" />
		<testcase status="PASS" time="0.130" name="TC45101_l2tp_lns_without_connection_info" />
		<testcase status="PASS" time="0.086" name="TC45703_l2tp_session_deletion_terminate" />
		<testcase status="PASS" time="0.357" name="TC45723_l2tp_session_deletion_terminate_with_no_call_deleted" />
		<testcase status="PASS" time="0.121" name="TC46127_l2tp_lns_without_apn" />
	</testsuite>
</testsuites>
